./jpf-sv-comp --propertyfile ../../sv-benchmarks/java/properties/assert_java.prp ../../sv-benchmarks/java/common ../../sv-benchmarks/java/MinePump/spec1-5_product9


--------------------------------------------------------------------------------


/tmp/jpf-benchmark.gfmMu7/config.jpf
LD_LIBRARY_PATH=/home/rc22/code/gsoc/bench-defs/bin/spf-SAbwkuxvIi/jpf-symbc/lib:
symbolic.min_int=-2147483648
symbolic.min_long=-9223372036854775808
symbolic.min_short=-32768
symbolic.min_byte=-128
symbolic.min_char=0
symbolic.max_int=2147483647
symbolic.max_long=9223372036854775807
symbolic.max_short=32767
symbolic.max_byte=127
symbolic.max_char=65535
symbolic.min_double=4.9E-324
symbolic.max_double=1.7976931348623157E308
JavaPathfinder core system v8.0 (rev a53cd7e672b60324f2af7c0d44296238aab82f25) - (C) 2005-2014 United States Government. All rights reserved.


====================================================== system under test
Main.main()

====================================================== search started: 6/15/25 12:32 AM
pb == tempPb: true
pb == tempPb: true
pb == tempPb: true
pb == tempPb: true
pb == tempPb: true
pb == tempPb: true
pb == tempPb: true
pb == tempPb: true
pb == tempPb: true
pb == tempPb: true
pb == tempPb: true
pb == tempPb: true
pb == tempPb: true
pb == tempPb: true
pb == tempPb: true
pb == tempPb: true
pb == tempPb: true
pb == tempPb: true
pb == tempPb: true
pb == tempPb: true

====================================================== error 1
gov.nasa.jpf.vm.NoUncaughtExceptionsProperty
java.lang.AssertionError
	at Actions.Specification3(Actions.java:104)
	at Actions.timeShift(Actions.java:50)
	at Main.randomSequenceOfActions(Main.java:50)
	at Main.main(Main.java:16)


====================================================== snapshot #1
thread java.lang.Thread:{id:0,name:main,status:RUNNING,priority:5,isDaemon:false,lockCount:0,suspendCount:0}
  call stack:
	at Actions.Specification3(Actions.java:104)
	at Actions.timeShift(Actions.java:50)
	at Main.randomSequenceOfActions(Main.java:50)
	at Main.main(Main.java:16)


====================================================== results
error #1: gov.nasa.jpf.vm.NoUncaughtExceptionsProperty "java.lang.AssertionError  at Actions.Specification..."

====================================================== statistics
elapsed time:       00:00:00
states:             new=9,visited=0,backtracked=0,end=0
search:             maxDepth=9,constraints=0
choice generators:  thread=1 (signal=0,lock=1,sharedRef=0,threadApi=0,reschedule=0), data=8
heap:               new=545,released=37,maxLive=492,gcCycles=8
instructions:       7210
max memory:         232MB
loaded code:        classes=94,methods=1910

====================================================== search finished: 6/15/25 12:32 AM
UNSAFE
