./jpf-sv-comp --propertyfile ../../sv-benchmarks/java/properties/runtime-exception.prp ../../sv-benchmarks/java/common ../../sv-benchmarks/java/jpf-regression/ExSymExe17_false


--------------------------------------------------------------------------------


/tmp/jpf-benchmark.U5Qxlj/config.jpf
LD_LIBRARY_PATH=/home/rc22/code/gsoc/bench-defs/bin/spf-dVNUlutmX7/jpf-symbc/lib:
Running Symbolic PathFinder ...
symbolic.dp=z3
symbolic.string_dp_timeout_ms=3000
symbolic.string_dp_alpha=A-Z
symbolic.string_dp_alphaSize=26
symbolic.string_dp_upper=10
symbolic.string_dp_lower=1
symbolic.string_dp=none
symbolic.max_pc_length=2147483647
symbolic.max_pc_msec=0
symbolic.bvlength=64
symbolic.min_int=-2147483648
symbolic.min_long=-9223372036854775808
symbolic.min_short=-32768
symbolic.min_byte=-128
symbolic.min_char=0
symbolic.max_int=2147483647
symbolic.max_long=9223372036854775807
symbolic.max_short=32767
symbolic.max_byte=127
symbolic.max_char=65535
symbolic.min_double=4.9E-324
symbolic.max_double=1.7976931348623157E308
JavaPathfinder core system v8.0 (rev 3cfe5d6c111a4d066ceeeaef768eda96c793ca07) - (C) 2005-2014 United States Government. All rights reserved.


====================================================== system under test
Main.main()

====================================================== search started: 6/16/25 10:09 PM
Testing ExSymExe17
branch FOO1

====================================================== error 1
gov.nasa.jpf.vm.NoUncaughtExceptionsProperty
java.lang.AssertionError
	at Main.test(Main.java:51)
	at Main.main(Main.java:37)


====================================================== snapshot #1
thread java.lang.Thread:{id:0,name:main,status:RUNNING,priority:5,isDaemon:false,lockCount:0,suspendCount:0}
  call stack:
	at Main.test(Main.java:51)
	at Main.main(Main.java:37)


====================================================== results
error #1: gov.nasa.jpf.vm.NoUncaughtExceptionsProperty "java.lang.AssertionError  at Main.test(Main.java:5..."

====================================================== statistics
elapsed time:       00:00:00
states:             new=1,visited=0,backtracked=0,end=0
search:             maxDepth=1,constraints=0
choice generators:  thread=1 (signal=0,lock=1,sharedRef=0,threadApi=0,reschedule=0), data=0
heap:               new=471,released=0,maxLive=0,gcCycles=0
instructions:       6372
max memory:         232MB
loaded code:        classes=85,methods=1660

====================================================== search finished: 6/16/25 10:09 PM
UNSAFE
